#
# There is insufficient memory for the Java Runtime Environment to continue.
# Native memory allocation (malloc) failed to allocate 1164960 bytes for Chunk::new
# Possible reasons:
#   The system is out of physical RAM or swap space
#   The process is running with CompressedOops enabled, and the Java Heap may be blocking the growth of the native heap
# Possible solutions:
#   Reduce memory load on the system
#   Increase physical memory or swap space
#   Check if swap backing store is full
#   Decrease Java heap size (-Xmx/-Xms)
#   Decrease number of Java threads
#   Decrease Java thread stack sizes (-Xss)
#   Set larger code cache with -XX:ReservedCodeCacheSize=
#   JVM is running with Unscaled Compressed Oops mode in which the Java heap is
#     placed in the first 4GB address space. The Java Heap base address is the
#     maximum limit for the native heap growth. Please use -XX:HeapBaseMinAddress
#     to set the Java Heap base and to place the Java Heap above 4GB virtual address.
# This output file may be truncated or incomplete.
#
#  Out of Memory Error (arena.cpp:189), pid=7640, tid=16128
#
# JRE version: OpenJDK Runtime Environment Temurin-17.0.2+8 (17.0.2+8) (build 17.0.2+8)
# Java VM: OpenJDK 64-Bit Server VM Temurin-17.0.2+8 (17.0.2+8, mixed mode, tiered, compressed oops, compressed class ptrs, parallel gc, windows-amd64)
# No core dump will be written. Minidumps are not enabled by default on client versions of Windows
#

---------------  S U M M A R Y ------------

Command Line: --add-modules=ALL-SYSTEM --add-opens=java.base/java.util=ALL-UNNAMED --add-opens=java.base/java.lang=ALL-UNNAMED --add-opens=java.base/sun.nio.fs=ALL-UNNAMED -Declipse.application=org.eclipse.jdt.ls.core.id1 -Dosgi.bundles.defaultStartLevel=4 -Declipse.product=org.eclipse.jdt.ls.core.product -Djava.import.generatesMetadataFilesAtProjectRoot=false -Dfile.encoding=utf8 -DwatchParentProcess=false -XX:+UseParallelGC -XX:GCTimeRatio=4 -XX:AdaptiveSizePolicyWeight=90 -Dsun.zip.disableMemoryMapping=true -Xmx1G -Xms100m c:\Users\admin\.vscode\extensions\redhat.java-1.6.0-win32-x64\server\plugins\org.eclipse.equinox.launcher_1.6.400.v20210924-0641.jar -configuration c:\Users\admin\AppData\Roaming\Code\User\globalStorage\redhat.java\1.6.0\config_ss_win -data c:\Users\admin\AppData\Roaming\Code\User\workspaceStorage\d514bb55c1ca597af553bd74cb0abe6d\redhat.java\ss_ws

Host: Intel(R) Core(TM) i7-4600U CPU @ 2.10GHz, 4 cores, 7G,  Windows 10 , 64 bit Build 19041 (10.0.19041.1706)
Time: Wed May 25 10:13:31 2022 Pacific Daylight Time elapsed time: 7.215510 seconds (0d 0h 0m 7s)

---------------  T H R E A D  ---------------

Current thread (0x000002bdba1faac0):  JavaThread "C2 CompilerThread1" daemon [_thread_in_native, id=16128, stack(0x000000f660e00000,0x000000f660f00000)]


Current CompileTask:
C2:   7215 2706       4       org.eclipse.jdt.internal.core.JarPackageFragmentRoot::initRawPackageInfo (349 bytes)

Stack: [0x000000f660e00000,0x000000f660f00000]
Native frames: (J=compiled Java code, j=interpreted, Vv=VM code, C=native code)
V  [jvm.dll+0x67564a]
V  [jvm.dll+0x82fc04]
V  [jvm.dll+0x8313ae]
V  [jvm.dll+0x831a13]
V  [jvm.dll+0x245235]
V  [jvm.dll+0xabd7b]
V  [jvm.dll+0xac30c]
V  [jvm.dll+0x3631f7]
V  [jvm.dll+0x32d891]
V  [jvm.dll+0x32cd3a]
V  [jvm.dll+0x2180d1]
V  [jvm.dll+0x2174f1]
V  [jvm.dll+0x1a3a8d]
V  [jvm.dll+0x226ef8]
V  [jvm.dll+0x22503c]
V  [jvm.dll+0x7e596b]
V  [jvm.dll+0x7dff2a]
V  [jvm.dll+0x6744d5]
C  [ucrtbase.dll+0x21bb2]
C  [KERNEL32.DLL+0x17034]
C  [ntdll.dll+0x52651]


---------------  P R O C E S S  ---------------

Threads class SMR info:
_java_thread_list=0x000002bdba7c2c00, length=23, elements={
0x000002bda4494400, 0x000002bda456d540, 0x000002bda456e2c0, 0x000002bdb82e41c0,
0x000002bdb82e4f40, 0x000002bdb82ba0d0, 0x000002bdb82cbf90, 0x000002bdb82d0fc0,
0x000002bdb82d18c0, 0x000002bdb82d3140, 0x000002bda45515d0, 0x000002bdb9ec3a70,
0x000002bdba5864f0, 0x000002bdba4922a0, 0x000002bdba4a3bf0, 0x000002bdba49d310,
0x000002bdba84b030, 0x000002bdba6d5530, 0x000002bdbb80b5e0, 0x000002bdba48cbe0,
0x000002bdba48e3f0, 0x000002bdba4900d0, 0x000002bdba1faac0
}

Java Threads: ( => current thread )
  0x000002bda4494400 JavaThread "main" [_thread_blocked, id=12868, stack(0x000000f65f000000,0x000000f65f100000)]
  0x000002bda456d540 JavaThread "Reference Handler" daemon [_thread_blocked, id=7280, stack(0x000000f65f300000,0x000000f65f400000)]
  0x000002bda456e2c0 JavaThread "Finalizer" daemon [_thread_blocked, id=25252, stack(0x000000f65f400000,0x000000f65f500000)]
  0x000002bdb82e41c0 JavaThread "Signal Dispatcher" daemon [_thread_blocked, id=10644, stack(0x000000f65f500000,0x000000f65f600000)]
  0x000002bdb82e4f40 JavaThread "Attach Listener" daemon [_thread_blocked, id=23260, stack(0x000000f65f600000,0x000000f65f700000)]
  0x000002bdb82ba0d0 JavaThread "Service Thread" daemon [_thread_blocked, id=13604, stack(0x000000f65f700000,0x000000f65f800000)]
  0x000002bdb82cbf90 JavaThread "Monitor Deflation Thread" daemon [_thread_blocked, id=24220, stack(0x000000f65f800000,0x000000f65f900000)]
  0x000002bdb82d0fc0 JavaThread "C2 CompilerThread0" daemon [_thread_blocked, id=25460, stack(0x000000f65f900000,0x000000f65fa00000)]
  0x000002bdb82d18c0 JavaThread "C1 CompilerThread0" daemon [_thread_in_native, id=9964, stack(0x000000f65fa00000,0x000000f65fb00000)]
  0x000002bdb82d3140 JavaThread "Sweeper thread" daemon [_thread_blocked, id=13516, stack(0x000000f65fb00000,0x000000f65fc00000)]
  0x000002bda45515d0 JavaThread "Common-Cleaner" daemon [_thread_blocked, id=4588, stack(0x000000f65fc00000,0x000000f65fd00000)]
  0x000002bdb9ec3a70 JavaThread "Notification Thread" daemon [_thread_blocked, id=12168, stack(0x000000f65fd00000,0x000000f65fe00000)]
  0x000002bdba5864f0 JavaThread "Active Thread: Equinox Container: 01052c99-e285-4217-9cde-98e8de841801" [_thread_blocked, id=24556, stack(0x000000f660000000,0x000000f660100000)]
  0x000002bdba4922a0 JavaThread "Framework Event Dispatcher: Equinox Container: 01052c99-e285-4217-9cde-98e8de841801" daemon [_thread_blocked, id=7072, stack(0x000000f65ff00000,0x000000f660000000)]
  0x000002bdba4a3bf0 JavaThread "Start Level: Equinox Container: 01052c99-e285-4217-9cde-98e8de841801" daemon [_thread_blocked, id=13460, stack(0x000000f660100000,0x000000f660200000)]
  0x000002bdba49d310 JavaThread "SCR Component Actor" daemon [_thread_blocked, id=25116, stack(0x000000f660200000,0x000000f660300000)]
  0x000002bdba84b030 JavaThread "Timer-0" [_thread_blocked, id=22776, stack(0x000000f660600000,0x000000f660700000)]
  0x000002bdba6d5530 JavaThread "Worker-JM" [_thread_blocked, id=20164, stack(0x000000f660700000,0x000000f660800000)]
  0x000002bdbb80b5e0 JavaThread "Worker-0" [_thread_blocked, id=18680, stack(0x000000f660900000,0x000000f660a00000)]
  0x000002bdba48cbe0 JavaThread "Worker-1: Initialize Workspace" [_thread_in_native, id=17180, stack(0x000000f660a00000,0x000000f660b00000)]
  0x000002bdba48e3f0 JavaThread "Worker-2" [_thread_blocked, id=1824, stack(0x000000f660b00000,0x000000f660c00000)]
  0x000002bdba4900d0 JavaThread "pool-1-thread-1" [_thread_blocked, id=21020, stack(0x000000f660d00000,0x000000f660e00000)]
=>0x000002bdba1faac0 JavaThread "C2 CompilerThread1" daemon [_thread_in_native, id=16128, stack(0x000000f660e00000,0x000000f660f00000)]

Other Threads:
  0x000002bdb828e600 VMThread "VM Thread" [stack: 0x000000f65f200000,0x000000f65f300000] [id=7276]
  0x000002bdb9ec3f40 WatcherThread [stack: 0x000000f65fe00000,0x000000f65ff00000] [id=18040]
  0x000002bda44a7590 GCTaskThread "GC Thread#0" [stack: 0x000000f65f100000,0x000000f65f200000] [id=24184]
  0x000002bdba2fef90 GCTaskThread "GC Thread#1" [stack: 0x000000f660300000,0x000000f660400000] [id=12484]
  0x000002bdba491b20 GCTaskThread "GC Thread#2" [stack: 0x000000f660400000,0x000000f660500000] [id=19324]
  0x000002bdba489fb0 GCTaskThread "GC Thread#3" [stack: 0x000000f660500000,0x000000f660600000] [id=12704]

Threads with active compile tasks:
C2 CompilerThread1     7247 2706       4       org.eclipse.jdt.internal.core.JarPackageFragmentRoot::initRawPackageInfo (349 bytes)

VM state: not at safepoint (normal execution)

VM Mutex/Monitor currently owned by a thread: None

Heap address: 0x00000000c0000000, size: 1024 MB, Compressed Oops mode: 32-bit

CDS archive(s) not mapped
Compressed class space mapped at: 0x0000000100000000-0x0000000140000000, reserved size: 1073741824
Narrow klass base: 0x0000000000000000, Narrow klass shift: 3, Narrow klass range: 0x140000000

GC Precious Log:
 CPUs: 4 total, 4 available
 Memory: 8097M
 Large Page Support: Disabled
 NUMA Support: Disabled
 Compressed Oops: Enabled (32-bit)
 Alignments: Space 512K, Generation 512K, Heap 2M
 Heap Min Capacity: 100M
 Heap Initial Capacity: 100M
 Heap Max Capacity: 1G
 Pre-touch: Disabled
 Parallel Workers: 4

Heap:
 PSYoungGen      total 29696K, used 14917K [0x00000000eab00000, 0x00000000ecc00000, 0x0000000100000000)
  eden space 25600K, 42% used [0x00000000eab00000,0x00000000eb5922c0,0x00000000ec400000)
  from space 4096K, 99% used [0x00000000ec800000,0x00000000ecbff170,0x00000000ecc00000)
  to   space 4096K, 0% used [0x00000000ec400000,0x00000000ec400000,0x00000000ec800000)
 ParOldGen       total 68608K, used 9133K [0x00000000c0000000, 0x00000000c4300000, 0x00000000eab00000)
  object space 68608K, 13% used [0x00000000c0000000,0x00000000c08eb700,0x00000000c4300000)
 Metaspace       used 32514K, committed 33024K, reserved 1081344K
  class space    used 3302K, committed 3520K, reserved 1048576K

Card table byte_map: [0x000002bda3e50000,0x000002bda4060000] _byte_map_base: 0x000002bda3850000

Marking Bits: (ParMarkBitMap*) 0x00007ffbf88f3af0
 Begin Bits: [0x000002bdb6120000, 0x000002bdb7120000)
 End Bits:   [0x000002bdb7120000, 0x000002bdb8120000)

Polling page: 0x000002bda2410000

Metaspace:

Usage:
  Non-class:     28.53 MB used.
      Class:      3.23 MB used.
       Both:     31.75 MB used.

Virtual space:
  Non-class space:       32.00 MB reserved,      28.81 MB ( 90%) committed,  4 nodes.
      Class space:        1.00 GB reserved,       3.44 MB ( <1%) committed,  1 nodes.
             Both:        1.03 GB reserved,      32.25 MB (  3%) committed. 

Chunk freelists:
   Non-Class:  2.25 MB
       Class:  464.00 KB
        Both:  2.70 MB

MaxMetaspaceSize: unlimited
CompressedClassSpaceSize: 1.00 GB
Initial GC threshold: 21.00 MB
Current GC threshold: 35.00 MB
CDS: off
MetaspaceReclaimPolicy: balanced
 - commit_granule_bytes: 65536.
 - commit_granule_words: 8192.
 - virtual_space_node_default_size: 1048576.
 - enlarge_chunks_in_place: 1.
 - new_chunks_are_fully_committed: 0.
 - uncommit_free_chunks: 1.
 - use_allocation_guard: 0.
 - handle_deallocations: 1.


Internal statistics:

num_allocs_failed_limit: 3.
num_arena_births: 204.
num_arena_deaths: 0.
num_vsnodes_births: 5.
num_vsnodes_deaths: 0.
num_space_committed: 516.
num_space_uncommitted: 0.
num_chunks_returned_to_freelist: 3.
num_chunks_taken_from_freelist: 1131.
num_chunk_merges: 3.
num_chunk_splits: 765.
num_chunks_enlarged: 549.
num_purges: 0.
num_inconsistent_stats: 0.

CodeHeap 'non-profiled nmethods': size=120000Kb used=1070Kb max_used=1070Kb free=118929Kb
 bounds [0x000002bdaebf0000, 0x000002bdaee60000, 0x000002bdb6120000]
CodeHeap 'profiled nmethods': size=120000Kb used=5510Kb max_used=5510Kb free=114489Kb
 bounds [0x000002bda76c0000, 0x000002bda7c30000, 0x000002bdaebf0000]
CodeHeap 'non-nmethods': size=5760Kb used=1243Kb max_used=1273Kb free=4516Kb
 bounds [0x000002bda7120000, 0x000002bda7390000, 0x000002bda76c0000]
 total_blobs=3281 nmethods=2719 adapters=476
 compilation: enabled
              stopped_count=0, restarted_count=0
 full_count=0

Compilation events (20 events):
Event: 7.070 Thread 0x000002bdb82d18c0 nmethod 2703 0x000002bda7c1d190 code [0x000002bda7c1d420, 0x000002bda7c1dfd8]
Event: 7.076 Thread 0x000002bdba1faac0 2704       4       org.eclipse.jdt.internal.compiler.util.Util::isClassFileName (82 bytes)
Event: 7.078 Thread 0x000002bdb82d0fc0 2705       4       org.eclipse.jdt.internal.core.util.HashtableOfArrayToObject::getKey (66 bytes)
Event: 7.079 Thread 0x000002bdba1faac0 nmethod 2704 0x000002bdaecf8c10 code [0x000002bdaecf8da0, 0x000002bdaecf8f68]
Event: 7.079 Thread 0x000002bdba1faac0 2706       4       org.eclipse.jdt.internal.core.JarPackageFragmentRoot::initRawPackageInfo (349 bytes)
Event: 7.082 Thread 0x000002bdb82d18c0 2709       3       sun.nio.fs.WindowsFileAttributes::lastModifiedTime (8 bytes)
Event: 7.082 Thread 0x000002bdb82d18c0 nmethod 2709 0x000002bda7c1e190 code [0x000002bda7c1e320, 0x000002bda7c1e468]
Event: 7.082 Thread 0x000002bdb82d18c0 2710       3       java.lang.Math::multiplyExact (74 bytes)
Event: 7.082 Thread 0x000002bdb82d18c0 nmethod 2710 0x000002bda7c1e510 code [0x000002bda7c1e6e0, 0x000002bda7c1ec08]
Event: 7.082 Thread 0x000002bdb82d18c0 2711       3       java.nio.file.attribute.FileTime::from (18 bytes)
Event: 7.083 Thread 0x000002bdb82d18c0 nmethod 2711 0x000002bda7c1ed90 code [0x000002bda7c1ef60, 0x000002bda7c1f2e8]
Event: 7.086 Thread 0x000002bdb82d18c0 2712       3       java.nio.file.attribute.FileTime::toMillis (98 bytes)
Event: 7.086 Thread 0x000002bdb82d18c0 nmethod 2712 0x000002bda7c1f490 code [0x000002bda7c1f680, 0x000002bda7c1fb48]
Event: 7.088 Thread 0x000002bdb82d18c0 2713       3       org.eclipse.jdt.internal.core.util.Util::equalArrays (64 bytes)
Event: 7.088 Thread 0x000002bdb82d18c0 nmethod 2713 0x000002bda7c1fd10 code [0x000002bda7c1ff00, 0x000002bda7c20428]
Event: 7.095 Thread 0x000002bdb82d0fc0 nmethod 2705 0x000002bdaecf9110 code [0x000002bdaecf92c0, 0x000002bdaecf9a38]
Event: 7.095 Thread 0x000002bdb82d0fc0 2708       4       java.lang.Integer::parseInt (264 bytes)
Event: 7.102 Thread 0x000002bdb82d0fc0 nmethod 2708 0x000002bdaecf9f10 code [0x000002bdaecfa0c0, 0x000002bdaecfa518]
Event: 7.102 Thread 0x000002bdb82d0fc0 2707       4       org.eclipse.jdt.internal.compiler.impl.CompilerOptions::versionFromJdkLevel (212 bytes)
Event: 7.103 Thread 0x000002bdb82d0fc0 nmethod 2707 0x000002bdaecfa990 code [0x000002bdaecfab20, 0x000002bdaecfad58]

GC Heap History (10 events):
Event: 2.270 GC heap before
{Heap before GC invocations=1 (full 0):
 PSYoungGen      total 29696K, used 25600K [0x00000000eab00000, 0x00000000ecc00000, 0x0000000100000000)
  eden space 25600K, 100% used [0x00000000eab00000,0x00000000ec400000,0x00000000ec400000)
  from space 4096K, 0% used [0x00000000ec800000,0x00000000ec800000,0x00000000ecc00000)
  to   space 4096K, 0% used [0x00000000ec400000,0x00000000ec400000,0x00000000ec800000)
 ParOldGen       total 68608K, used 0K [0x00000000c0000000, 0x00000000c4300000, 0x00000000eab00000)
  object space 68608K, 0% used [0x00000000c0000000,0x00000000c0000018,0x00000000c4300000)
 Metaspace       used 13274K, committed 13504K, reserved 1064960K
  class space    used 1346K, committed 1472K, reserved 1048576K
}
Event: 2.319 GC heap after
{Heap after GC invocations=1 (full 0):
 PSYoungGen      total 29696K, used 4015K [0x00000000eab00000, 0x00000000ecc00000, 0x0000000100000000)
  eden space 25600K, 0% used [0x00000000eab00000,0x00000000eab00000,0x00000000ec400000)
  from space 4096K, 98% used [0x00000000ec400000,0x00000000ec7ebd58,0x00000000ec800000)
  to   space 4096K, 0% used [0x00000000ec800000,0x00000000ec800000,0x00000000ecc00000)
 ParOldGen       total 68608K, used 0K [0x00000000c0000000, 0x00000000c4300000, 0x00000000eab00000)
  object space 68608K, 0% used [0x00000000c0000000,0x00000000c0000018,0x00000000c4300000)
 Metaspace       used 13274K, committed 13504K, reserved 1064960K
  class space    used 1346K, committed 1472K, reserved 1048576K
}
Event: 3.502 GC heap before
{Heap before GC invocations=2 (full 0):
 PSYoungGen      total 29696K, used 21788K [0x00000000eab00000, 0x00000000ecc00000, 0x0000000100000000)
  eden space 25600K, 69% used [0x00000000eab00000,0x00000000ebc5b5c8,0x00000000ec400000)
  from space 4096K, 98% used [0x00000000ec400000,0x00000000ec7ebd58,0x00000000ec800000)
  to   space 4096K, 0% used [0x00000000ec800000,0x00000000ec800000,0x00000000ecc00000)
 ParOldGen       total 68608K, used 0K [0x00000000c0000000, 0x00000000c4300000, 0x00000000eab00000)
  object space 68608K, 0% used [0x00000000c0000000,0x00000000c0000018,0x00000000c4300000)
 Metaspace       used 21044K, committed 21504K, reserved 1073152K
  class space    used 2130K, committed 2368K, reserved 1048576K
}
Event: 3.510 GC heap after
{Heap after GC invocations=2 (full 0):
 PSYoungGen      total 29696K, used 4088K [0x00000000eab00000, 0x00000000ecc00000, 0x0000000100000000)
  eden space 25600K, 0% used [0x00000000eab00000,0x00000000eab00000,0x00000000ec400000)
  from space 4096K, 99% used [0x00000000ec800000,0x00000000ecbfe150,0x00000000ecc00000)
  to   space 4096K, 0% used [0x00000000ec400000,0x00000000ec400000,0x00000000ec800000)
 ParOldGen       total 68608K, used 3077K [0x00000000c0000000, 0x00000000c4300000, 0x00000000eab00000)
  object space 68608K, 4% used [0x00000000c0000000,0x00000000c0301430,0x00000000c4300000)
 Metaspace       used 21044K, committed 21504K, reserved 1073152K
  class space    used 2130K, committed 2368K, reserved 1048576K
}
Event: 3.510 GC heap before
{Heap before GC invocations=3 (full 1):
 PSYoungGen      total 29696K, used 4088K [0x00000000eab00000, 0x00000000ecc00000, 0x0000000100000000)
  eden space 25600K, 0% used [0x00000000eab00000,0x00000000eab00000,0x00000000ec400000)
  from space 4096K, 99% used [0x00000000ec800000,0x00000000ecbfe150,0x00000000ecc00000)
  to   space 4096K, 0% used [0x00000000ec400000,0x00000000ec400000,0x00000000ec800000)
 ParOldGen       total 68608K, used 3077K [0x00000000c0000000, 0x00000000c4300000, 0x00000000eab00000)
  object space 68608K, 4% used [0x00000000c0000000,0x00000000c0301430,0x00000000c4300000)
 Metaspace       used 21044K, committed 21504K, reserved 1073152K
  class space    used 2130K, committed 2368K, reserved 1048576K
}
Event: 3.536 GC heap after
{Heap after GC invocations=3 (full 1):
 PSYoungGen      total 29696K, used 0K [0x00000000eab00000, 0x00000000ecc00000, 0x0000000100000000)
  eden space 25600K, 0% used [0x00000000eab00000,0x00000000eab00000,0x00000000ec400000)
  from space 4096K, 0% used [0x00000000ec800000,0x00000000ec800000,0x00000000ecc00000)
  to   space 4096K, 0% used [0x00000000ec400000,0x00000000ec400000,0x00000000ec800000)
 ParOldGen       total 68608K, used 7110K [0x00000000c0000000, 0x00000000c4300000, 0x00000000eab00000)
  object space 68608K, 10% used [0x00000000c0000000,0x00000000c06f1830,0x00000000c4300000)
 Metaspace       used 21044K, committed 21504K, reserved 1073152K
  class space    used 2130K, committed 2368K, reserved 1048576K
}
Event: 5.231 GC heap before
{Heap before GC invocations=4 (full 1):
 PSYoungGen      total 29696K, used 25600K [0x00000000eab00000, 0x00000000ecc00000, 0x0000000100000000)
  eden space 25600K, 100% used [0x00000000eab00000,0x00000000ec400000,0x00000000ec400000)
  from space 4096K, 0% used [0x00000000ec800000,0x00000000ec800000,0x00000000ecc00000)
  to   space 4096K, 0% used [0x00000000ec400000,0x00000000ec400000,0x00000000ec800000)
 ParOldGen       total 68608K, used 7113K [0x00000000c0000000, 0x00000000c4300000, 0x00000000eab00000)
  object space 68608K, 10% used [0x00000000c0000000,0x00000000c06f27f8,0x00000000c4300000)
 Metaspace       used 28422K, committed 28864K, reserved 1081344K
  class space    used 2814K, committed 3008K, reserved 1048576K
}
Event: 5.234 GC heap after
{Heap after GC invocations=4 (full 1):
 PSYoungGen      total 29696K, used 1736K [0x00000000eab00000, 0x00000000ecc00000, 0x0000000100000000)
  eden space 25600K, 0% used [0x00000000eab00000,0x00000000eab00000,0x00000000ec400000)
  from space 4096K, 42% used [0x00000000ec400000,0x00000000ec5b21b0,0x00000000ec800000)
  to   space 4096K, 0% used [0x00000000ec800000,0x00000000ec800000,0x00000000ecc00000)
 ParOldGen       total 68608K, used 7121K [0x00000000c0000000, 0x00000000c4300000, 0x00000000eab00000)
  object space 68608K, 10% used [0x00000000c0000000,0x00000000c06f47f8,0x00000000c4300000)
 Metaspace       used 28422K, committed 28864K, reserved 1081344K
  class space    used 2814K, committed 3008K, reserved 1048576K
}
Event: 6.815 GC heap before
{Heap before GC invocations=5 (full 1):
 PSYoungGen      total 29696K, used 27336K [0x00000000eab00000, 0x00000000ecc00000, 0x0000000100000000)
  eden space 25600K, 100% used [0x00000000eab00000,0x00000000ec400000,0x00000000ec400000)
  from space 4096K, 42% used [0x00000000ec400000,0x00000000ec5b21b0,0x00000000ec800000)
  to   space 4096K, 0% used [0x00000000ec800000,0x00000000ec800000,0x00000000ecc00000)
 ParOldGen       total 68608K, used 7121K [0x00000000c0000000, 0x00000000c4300000, 0x00000000eab00000)
  object space 68608K, 10% used [0x00000000c0000000,0x00000000c06f47f8,0x00000000c4300000)
 Metaspace       used 32428K, committed 32960K, reserved 1081344K
  class space    used 3300K, committed 3520K, reserved 1048576K
}
Event: 6.820 GC heap after
{Heap after GC invocations=5 (full 1):
 PSYoungGen      total 29696K, used 4092K [0x00000000eab00000, 0x00000000ecc00000, 0x0000000100000000)
  eden space 25600K, 0% used [0x00000000eab00000,0x00000000eab00000,0x00000000ec400000)
  from space 4096K, 99% used [0x00000000ec800000,0x00000000ecbff170,0x00000000ecc00000)
  to   space 4096K, 0% used [0x00000000ec400000,0x00000000ec400000,0x00000000ec800000)
 ParOldGen       total 68608K, used 9133K [0x00000000c0000000, 0x00000000c4300000, 0x00000000eab00000)
  object space 68608K, 13% used [0x00000000c0000000,0x00000000c08eb700,0x00000000c4300000)
 Metaspace       used 32428K, committed 32960K, reserved 1081344K
  class space    used 3300K, committed 3520K, reserved 1048576K
}

Deoptimization events (20 events):
Event: 7.023 Thread 0x000002bdba48cbe0 DEOPT PACKING pc=0x000002bda7c0a7a8 sp=0x000000f660afe6a0
Event: 7.023 Thread 0x000002bdba48cbe0 DEOPT UNPACKING pc=0x000002bda7172843 sp=0x000000f660afdba8 mode 0
Event: 7.028 Thread 0x000002bdba48cbe0 DEOPT PACKING pc=0x000002bda7c0a7a8 sp=0x000000f660afe6a0
Event: 7.028 Thread 0x000002bdba48cbe0 DEOPT UNPACKING pc=0x000002bda7172843 sp=0x000000f660afdba8 mode 0
Event: 7.029 Thread 0x000002bdba48cbe0 DEOPT PACKING pc=0x000002bda7c0a7a8 sp=0x000000f660afe6a0
Event: 7.029 Thread 0x000002bdba48cbe0 DEOPT UNPACKING pc=0x000002bda7172843 sp=0x000000f660afdba8 mode 0
Event: 7.029 Thread 0x000002bdba48cbe0 DEOPT PACKING pc=0x000002bda7c0a7a8 sp=0x000000f660afe6a0
Event: 7.029 Thread 0x000002bdba48cbe0 DEOPT UNPACKING pc=0x000002bda7172843 sp=0x000000f660afdba8 mode 0
Event: 7.054 Thread 0x000002bdba48cbe0 Uncommon trap: trap_request=0xffffff45 fr.pc=0x000002bdaecdf36c relative=0x000000000000014c
Event: 7.054 Thread 0x000002bdba48cbe0 Uncommon trap: reason=unstable_if action=reinterpret pc=0x000002bdaecdf36c method=org.eclipse.jdt.internal.compiler.util.Util.isClassFileName(Ljava/lang/String;)Z @ 20 c2
Event: 7.054 Thread 0x000002bdba48cbe0 DEOPT PACKING pc=0x000002bdaecdf36c sp=0x000000f660afe850
Event: 7.054 Thread 0x000002bdba48cbe0 DEOPT UNPACKING pc=0x000002bda71720a3 sp=0x000000f660afe7d0 mode 2
Event: 7.069 Thread 0x000002bdba48cbe0 Uncommon trap: trap_request=0xffffff45 fr.pc=0x000002bdaece6098 relative=0x0000000000000098
Event: 7.069 Thread 0x000002bdba48cbe0 Uncommon trap: reason=unstable_if action=reinterpret pc=0x000002bdaece6098 method=org.eclipse.jdt.internal.compiler.impl.CompilerOptions.versionFromJdkLevel(J)Ljava/lang/String; @ 7 c2
Event: 7.069 Thread 0x000002bdba48cbe0 DEOPT PACKING pc=0x000002bdaece6098 sp=0x000000f660afe8d0
Event: 7.069 Thread 0x000002bdba48cbe0 DEOPT UNPACKING pc=0x000002bda71720a3 sp=0x000000f660afe868 mode 2
Event: 7.081 Thread 0x000002bdba48cbe0 Uncommon trap: trap_request=0xffffff45 fr.pc=0x000002bdaecde6f0 relative=0x0000000000000250
Event: 7.081 Thread 0x000002bdba48cbe0 Uncommon trap: reason=unstable_if action=reinterpret pc=0x000002bdaecde6f0 method=org.eclipse.jdt.internal.core.util.Util.equalArrays([Ljava/lang/Object;[Ljava/lang/Object;I)Z @ 2 c2
Event: 7.081 Thread 0x000002bdba48cbe0 DEOPT PACKING pc=0x000002bdaecde6f0 sp=0x000000f660afe6f0
Event: 7.082 Thread 0x000002bdba48cbe0 DEOPT UNPACKING pc=0x000002bda71720a3 sp=0x000000f660afe688 mode 2

Classes unloaded (0 events):
No events

Classes redefined (0 events):
No events

Internal exceptions (20 events):
Event: 3.146 Thread 0x000002bdba4a3bf0 Exception <a 'java/io/FileNotFoundException'{0x00000000eb4e1870}> (0x00000000eb4e1870) 
thrown [e:\jenkins\tmp\workspace\build\src\src\hotspot\share\prims\jni.cpp, line 516]
Event: 3.378 Thread 0x000002bdba4a3bf0 Exception <a 'java/lang/NoSuchMethodError'{0x00000000eb8e3030}: 'int java.lang.invoke.DirectMethodHandle$Holder.invokeStaticInit(java.lang.Object, java.lang.Object, java.lang.Object)'> (0x00000000eb8e3030) 
thrown [e:\jenkins\tmp\workspace\build\src\src\hotspot\share\interpreter\linkResolver.cpp, line 766]
Event: 3.395 Thread 0x000002bdba4a3bf0 Exception <a 'java/lang/IncompatibleClassChangeError'{0x00000000eb916688}: Found class java.lang.Object, but interface was expected> (0x00000000eb916688) 
thrown [e:\jenkins\tmp\workspace\build\src\src\hotspot\share\interpreter\linkResolver.cpp, line 833]
Event: 3.879 Thread 0x000002bdba4a3bf0 Exception <a 'java/lang/ClassNotFoundException'{0x00000000ebc72720}: com/sun/org/apache/xerces/internal/impl/msg/spi/DOMMessagesProvider> (0x00000000ebc72720) 
thrown [e:\jenkins\tmp\workspace\build\src\src\hotspot\share\classfile\systemDictionary.cpp, line 256]
Event: 3.901 Thread 0x000002bdba4a3bf0 Implicit null exception at 0x000002bdaec923f8 to 0x000002bdaec9306c
Event: 3.903 Thread 0x000002bdba4a3bf0 Exception <a 'java/lang/ClassNotFoundException'{0x00000000ebc8b688}: com/sun/org/apache/xerces/internal/impl/msg/spi/XMLSerializerMessagesProvider> (0x00000000ebc8b688) 
thrown [e:\jenkins\tmp\workspace\build\src\src\hotspot\share\classfile\systemDictionary.cpp, line 256]
Event: 3.904 Thread 0x000002bdba4a3bf0 Exception <a 'java/lang/ClassNotFoundException'{0x00000000ebc98960}: com/sun/org/apache/xerces/internal/impl/msg/spi/XMLMessagesProvider> (0x00000000ebc98960) 
thrown [e:\jenkins\tmp\workspace\build\src\src\hotspot\share\classfile\systemDictionary.cpp, line 256]
Event: 4.617 Thread 0x000002bdba4a3bf0 Exception <a 'java/lang/ClassNotFoundException'{0x00000000ebf1ac08}: com/sun/org/apache/xml/internal/serializer/spi/XMLEntitiesProvider> (0x00000000ebf1ac08) 
thrown [e:\jenkins\tmp\workspace\build\src\src\hotspot\share\classfile\systemDictionary.cpp, line 256]
Event: 4.761 Thread 0x000002bdba4a3bf0 Exception <a 'java/io/FileNotFoundException'{0x00000000ec126a08}> (0x00000000ec126a08) 
thrown [e:\jenkins\tmp\workspace\build\src\src\hotspot\share\prims\jni.cpp, line 516]
Event: 5.047 Thread 0x000002bdba4a3bf0 Exception <a 'java/lang/UnsatisfiedLinkError'{0x00000000ec272848}: The specified procedure could not be found.
> (0x00000000ec272848) 
thrown [e:\jenkins\tmp\workspace\build\src\src\hotspot\share\prims\jni.cpp, line 535]
Event: 5.053 Thread 0x000002bdba4a3bf0 Exception <a 'java/io/FileNotFoundException'{0x00000000ec27e940}> (0x00000000ec27e940) 
thrown [e:\jenkins\tmp\workspace\build\src\src\hotspot\share\prims\jni.cpp, line 516]
Event: 5.083 Thread 0x000002bdba4a3bf0 Exception <a 'java/io/FileNotFoundException'{0x00000000ec2a8e90}> (0x00000000ec2a8e90) 
thrown [e:\jenkins\tmp\workspace\build\src\src\hotspot\share\prims\jni.cpp, line 516]
Event: 5.171 Thread 0x000002bdba4a3bf0 Exception <a 'java/lang/UnsatisfiedLinkError'{0x00000000ec3ae940}: The specified procedure could not be found.
> (0x00000000ec3ae940) 
thrown [e:\jenkins\tmp\workspace\build\src\src\hotspot\share\prims\jni.cpp, line 535]
Event: 5.292 Thread 0x000002bda4494400 Exception <a 'java/lang/NoSuchMethodError'{0x00000000eabb0488}: 'void java.lang.invoke.DirectMethodHandle$Holder.invokeStatic(java.lang.Object, java.lang.Object, java.lang.Object, java.lang.Object)'> (0x00000000eabb0488) 
thrown [e:\jenkins\tmp\workspace\build\src\src\hotspot\share\interpreter\linkResolver.cpp, line 766]
Event: 5.541 Thread 0x000002bda4494400 Exception <a 'java/lang/NoSuchMethodError'{0x00000000eaede060}: 'java.lang.Object java.lang.invoke.DirectMethodHandle$Holder.newInvokeSpecial(java.lang.Object, java.lang.Object, java.lang.Object, java.lang.Object, java.lang.Object)'> (0x00000000eaede060) 
thrown [e:\jenkins\tmp\workspace\build\src\src\hotspot\share\interpreter\linkResolver.cpp, line 766]
Event: 5.827 Thread 0x000002bdba4900d0 Exception <a 'java/io/FileNotFoundException'{0x00000000eb1127d0}> (0x00000000eb1127d0) 
thrown [e:\jenkins\tmp\workspace\build\src\src\hotspot\share\prims\jni.cpp, line 516]
Event: 6.086 Thread 0x000002bdba4900d0 Exception <a 'java/lang/NoSuchMethodError'{0x00000000eb53f420}: 'int java.lang.invoke.DirectMethodHandle$Holder.invokeVirtual(java.lang.Object, java.lang.Object)'> (0x00000000eb53f420) 
thrown [e:\jenkins\tmp\workspace\build\src\src\hotspot\share\interpreter\linkResolver.cpp, line 766]
Event: 6.455 Thread 0x000002bdba48cbe0 Exception <a 'java/io/FileNotFoundException'{0x00000000eb6bf788}> (0x00000000eb6bf788) 
thrown [e:\jenkins\tmp\workspace\build\src\src\hotspot\share\prims\jni.cpp, line 516]
Event: 6.455 Thread 0x000002bdba48cbe0 Exception <a 'java/io/FileNotFoundException'{0x00000000eb6c1318}> (0x00000000eb6c1318) 
thrown [e:\jenkins\tmp\workspace\build\src\src\hotspot\share\prims\jni.cpp, line 516]
Event: 6.460 Thread 0x000002bdba48cbe0 Exception <a 'java/lang/NoSuchMethodError'{0x00000000eb6c8f88}: 'void java.lang.invoke.DirectMethodHandle$Holder.invokeStaticInit(java.lang.Object, java.lang.Object, java.lang.Object)'> (0x00000000eb6c8f88) 
thrown [e:\jenkins\tmp\workspace\build\src\src\hotspot\share\interpreter\linkResolver.cpp, line 766]

VM Operations (20 events):
Event: 3.502 Executing VM operation: CollectForMetadataAllocation
Event: 3.536 Executing VM operation: CollectForMetadataAllocation done
Event: 3.932 Executing VM operation: HandshakeAllThreads
Event: 3.933 Executing VM operation: HandshakeAllThreads done
Event: 3.942 Executing VM operation: HandshakeAllThreads
Event: 3.942 Executing VM operation: HandshakeAllThreads done
Event: 4.669 Executing VM operation: HandshakeAllThreads
Event: 4.669 Executing VM operation: HandshakeAllThreads done
Event: 4.669 Executing VM operation: Cleanup
Event: 4.669 Executing VM operation: Cleanup done
Event: 5.008 Executing VM operation: HandshakeAllThreads
Event: 5.008 Executing VM operation: HandshakeAllThreads done
Event: 5.014 Executing VM operation: HandshakeAllThreads
Event: 5.014 Executing VM operation: HandshakeAllThreads done
Event: 5.231 Executing VM operation: ParallelGCFailedAllocation
Event: 5.234 Executing VM operation: ParallelGCFailedAllocation done
Event: 5.818 Executing VM operation: HandshakeAllThreads
Event: 5.818 Executing VM operation: HandshakeAllThreads done
Event: 6.798 Executing VM operation: ParallelGCFailedAllocation
Event: 6.820 Executing VM operation: ParallelGCFailedAllocation done

Events (20 events):
Event: 6.015 loading class java/util/Formatter$Flags done
Event: 6.100 loading class java/util/stream/SortedOps$SizedRefSortingSink
Event: 6.100 loading class java/util/stream/SortedOps$SizedRefSortingSink done
Event: 6.261 loading class java/io/UncheckedIOException
Event: 6.261 loading class java/io/UncheckedIOException done
Event: 6.285 loading class sun/net/www/protocol/https/Handler
Event: 6.285 loading class sun/net/www/protocol/http/Handler
Event: 6.285 loading class sun/net/www/protocol/http/Handler done
Event: 6.285 loading class sun/net/www/protocol/https/Handler done
Event: 6.477 loading class java/util/regex/Pattern$BackRef
Event: 6.477 loading class java/util/regex/Pattern$BackRef done
Event: 6.477 loading class java/util/regex/Pattern$Curly
Event: 6.478 loading class java/util/regex/Pattern$Curly done
Event: 6.478 loading class java/util/regex/Pattern$GroupCurly
Event: 6.478 loading class java/util/regex/Pattern$GroupCurly done
Event: 6.478 loading class java/util/regex/Pattern$Dollar
Event: 6.479 loading class java/util/regex/Pattern$Dollar done
Event: 6.526 loading class java/lang/ThreadLocal$SuppliedThreadLocal
Event: 6.526 loading class java/lang/ThreadLocal$SuppliedThreadLocal done
Event: 6.789 Thread 0x000002bdba1faac0 Thread added: 0x000002bdba1faac0


Dynamic libraries:
0x00007ff63b950000 - 0x00007ff63b95e000 	c:\Users\admin\.vscode\extensions\redhat.java-1.6.0-win32-x64\jre\17.0.2-win32-x86_64\bin\java.exe
0x00007ffc84850000 - 0x00007ffc84a45000 	C:\WINDOWS\SYSTEM32\ntdll.dll
0x00007ffc843b0000 - 0x00007ffc8446d000 	C:\WINDOWS\System32\KERNEL32.DLL
0x00007ffc82510000 - 0x00007ffc827dd000 	C:\WINDOWS\System32\KERNELBASE.dll
0x00007ffc82250000 - 0x00007ffc82350000 	C:\WINDOWS\System32\ucrtbase.dll
0x00007ffc7c030000 - 0x00007ffc7c048000 	c:\Users\admin\.vscode\extensions\redhat.java-1.6.0-win32-x64\jre\17.0.2-win32-x86_64\bin\jli.dll
0x00007ffc83e90000 - 0x00007ffc84030000 	C:\WINDOWS\System32\USER32.dll
0x00007ffc824b0000 - 0x00007ffc824d2000 	C:\WINDOWS\System32\win32u.dll
0x00007ffc84250000 - 0x00007ffc8427a000 	C:\WINDOWS\System32\GDI32.dll
0x00007ffc82140000 - 0x00007ffc8224b000 	C:\WINDOWS\System32\gdi32full.dll
0x00007ffc81ff0000 - 0x00007ffc8208d000 	C:\WINDOWS\System32\msvcp_win.dll
0x00007ffc7dcc0000 - 0x00007ffc7dcd9000 	c:\Users\admin\.vscode\extensions\redhat.java-1.6.0-win32-x64\jre\17.0.2-win32-x86_64\bin\VCRUNTIME140.dll
0x00007ffc71d50000 - 0x00007ffc71fea000 	C:\WINDOWS\WinSxS\amd64_microsoft.windows.common-controls_6595b64144ccf1df_6.0.19041.1110_none_60b5254171f9507e\COMCTL32.dll
0x00007ffc83030000 - 0x00007ffc830ce000 	C:\WINDOWS\System32\msvcrt.dll
0x00007ffc83db0000 - 0x00007ffc83de0000 	C:\WINDOWS\System32\IMM32.DLL
0x00007ffc7be30000 - 0x00007ffc7be3c000 	c:\Users\admin\.vscode\extensions\redhat.java-1.6.0-win32-x64\jre\17.0.2-win32-x86_64\bin\vcruntime140_1.dll
0x00007ffc69110000 - 0x00007ffc691a1000 	c:\Users\admin\.vscode\extensions\redhat.java-1.6.0-win32-x64\jre\17.0.2-win32-x86_64\bin\msvcp140.dll
0x00007ffbf7d70000 - 0x00007ffbf89b7000 	c:\Users\admin\.vscode\extensions\redhat.java-1.6.0-win32-x64\jre\17.0.2-win32-x86_64\bin\server\jvm.dll
0x00007ffc83de0000 - 0x00007ffc83e8e000 	C:\WINDOWS\System32\ADVAPI32.dll
0x00007ffc845a0000 - 0x00007ffc8463c000 	C:\WINDOWS\System32\sechost.dll
0x00007ffc828a0000 - 0x00007ffc829c5000 	C:\WINDOWS\System32\RPCRT4.dll
0x00007ffc82af0000 - 0x00007ffc82af8000 	C:\WINDOWS\System32\PSAPI.DLL
0x00007ffc72190000 - 0x00007ffc721b7000 	C:\WINDOWS\SYSTEM32\WINMM.dll
0x00007ffc64470000 - 0x00007ffc64479000 	C:\WINDOWS\SYSTEM32\WSOCK32.dll
0x00007ffc841c0000 - 0x00007ffc8422b000 	C:\WINDOWS\System32\WS2_32.dll
0x00007ffc70190000 - 0x00007ffc7019a000 	C:\WINDOWS\SYSTEM32\VERSION.dll
0x00007ffc807b0000 - 0x00007ffc807c2000 	C:\WINDOWS\SYSTEM32\kernel.appcore.dll
0x00007ffc7be20000 - 0x00007ffc7be2a000 	c:\Users\admin\.vscode\extensions\redhat.java-1.6.0-win32-x64\jre\17.0.2-win32-x86_64\bin\jimage.dll
0x00007ffc6b3c0000 - 0x00007ffc6b5a4000 	C:\WINDOWS\SYSTEM32\DBGHELP.DLL
0x00007ffc6b390000 - 0x00007ffc6b3bc000 	C:\WINDOWS\SYSTEM32\dbgcore.DLL
0x00007ffc81f60000 - 0x00007ffc81fe2000 	C:\WINDOWS\System32\bcryptPrimitives.dll
0x00007ffc79f70000 - 0x00007ffc79f95000 	c:\Users\admin\.vscode\extensions\redhat.java-1.6.0-win32-x64\jre\17.0.2-win32-x86_64\bin\java.dll
0x00007ffc7be00000 - 0x00007ffc7be18000 	c:\Users\admin\.vscode\extensions\redhat.java-1.6.0-win32-x64\jre\17.0.2-win32-x86_64\bin\zip.dll
0x00007ffc830d0000 - 0x00007ffc83814000 	C:\WINDOWS\System32\SHELL32.dll
0x00007ffc80000000 - 0x00007ffc80794000 	C:\WINDOWS\SYSTEM32\windows.storage.dll
0x00007ffc83a50000 - 0x00007ffc83da4000 	C:\WINDOWS\System32\combase.dll
0x00007ffc818e0000 - 0x00007ffc8190c000 	C:\WINDOWS\SYSTEM32\Wldp.dll
0x00007ffc84030000 - 0x00007ffc840dd000 	C:\WINDOWS\System32\SHCORE.dll
0x00007ffc842f0000 - 0x00007ffc84345000 	C:\WINDOWS\System32\shlwapi.dll
0x00007ffc81ea0000 - 0x00007ffc81ebf000 	C:\WINDOWS\SYSTEM32\profapi.dll
0x00007ffc7d740000 - 0x00007ffc7d759000 	C:\Users\admin\.vscode\extensions\redhat.java-1.6.0-win32-x64\jre\17.0.2-win32-x86_64\bin\net.dll
0x00007ffc786f0000 - 0x00007ffc787fa000 	C:\WINDOWS\SYSTEM32\WINHTTP.dll
0x00007ffc816c0000 - 0x00007ffc8172a000 	C:\WINDOWS\system32\mswsock.dll
0x00007ffc7d720000 - 0x00007ffc7d735000 	C:\Users\admin\.vscode\extensions\redhat.java-1.6.0-win32-x64\jre\17.0.2-win32-x86_64\bin\nio.dll
0x00007ffc81c20000 - 0x00007ffc81c38000 	C:\WINDOWS\SYSTEM32\CRYPTSP.dll
0x00007ffc80ff0000 - 0x00007ffc81024000 	C:\WINDOWS\system32\rsaenh.dll
0x00007ffc824e0000 - 0x00007ffc82507000 	C:\WINDOWS\System32\bcrypt.dll
0x00007ffc81e60000 - 0x00007ffc81e8e000 	C:\WINDOWS\SYSTEM32\USERENV.dll
0x00007ffc81850000 - 0x00007ffc8185c000 	C:\WINDOWS\SYSTEM32\CRYPTBASE.dll
0x00007ffc81380000 - 0x00007ffc813bb000 	C:\WINDOWS\SYSTEM32\IPHLPAPI.DLL
0x00007ffc84730000 - 0x00007ffc84738000 	C:\WINDOWS\System32\NSI.dll
0x00007ffc79f20000 - 0x00007ffc79f37000 	C:\WINDOWS\SYSTEM32\dhcpcsvc6.DLL
0x00007ffc79ee0000 - 0x00007ffc79efd000 	C:\WINDOWS\SYSTEM32\dhcpcsvc.DLL
0x00007ffc813d0000 - 0x00007ffc8149b000 	C:\WINDOWS\SYSTEM32\DNSAPI.dll
0x00007ffc644f0000 - 0x00007ffc6452e000 	C:\Users\admin\AppData\Roaming\Code\User\globalStorage\redhat.java\1.6.0\config_ss_win\org.eclipse.equinox.launcher\org.eclipse.equinox.launcher.win32.win32.x86_64_1.2.400.v20211117-0650\eclipse_11602.dll
0x00007ffc84470000 - 0x00007ffc8459a000 	C:\WINDOWS\System32\ole32.dll
0x00007ffc7a520000 - 0x00007ffc7a530000 	c:\Users\admin\.vscode\extensions\redhat.java-1.6.0-win32-x64\jre\17.0.2-win32-x86_64\bin\verify.dll
0x00007ffc57c10000 - 0x00007ffc57c54000 	C:\Users\admin\AppData\Local\Temp\jna-92668751\jna14442722361857912730.dll

dbghelp: loaded successfully - version: 4.0.5 - missing functions: none
symbol engine: initialized successfully - sym options: 0x614 - pdb path: .;c:\Users\admin\.vscode\extensions\redhat.java-1.6.0-win32-x64\jre\17.0.2-win32-x86_64\bin;C:\WINDOWS\SYSTEM32;C:\WINDOWS\WinSxS\amd64_microsoft.windows.common-controls_6595b64144ccf1df_6.0.19041.1110_none_60b5254171f9507e;c:\Users\admin\.vscode\extensions\redhat.java-1.6.0-win32-x64\jre\17.0.2-win32-x86_64\bin\server;C:\Users\admin\AppData\Roaming\Code\User\globalStorage\redhat.java\1.6.0\config_ss_win\org.eclipse.equinox.launcher\org.eclipse.equinox.launcher.win32.win32.x86_64_1.2.400.v20211117-0650;C:\Users\admin\AppData\Local\Temp\jna-92668751

VM Arguments:
jvm_args: --add-modules=ALL-SYSTEM --add-opens=java.base/java.util=ALL-UNNAMED --add-opens=java.base/java.lang=ALL-UNNAMED --add-opens=java.base/sun.nio.fs=ALL-UNNAMED -Declipse.application=org.eclipse.jdt.ls.core.id1 -Dosgi.bundles.defaultStartLevel=4 -Declipse.product=org.eclipse.jdt.ls.core.product -Djava.import.generatesMetadataFilesAtProjectRoot=false -Dfile.encoding=utf8 -DwatchParentProcess=false -XX:+UseParallelGC -XX:GCTimeRatio=4 -XX:AdaptiveSizePolicyWeight=90 -Dsun.zip.disableMemoryMapping=true -Xmx1G -Xms100m 
java_command: c:\Users\admin\.vscode\extensions\redhat.java-1.6.0-win32-x64\server\plugins\org.eclipse.equinox.launcher_1.6.400.v20210924-0641.jar -configuration c:\Users\admin\AppData\Roaming\Code\User\globalStorage\redhat.java\1.6.0\config_ss_win -data c:\Users\admin\AppData\Roaming\Code\User\workspaceStorage\d514bb55c1ca597af553bd74cb0abe6d\redhat.java\ss_ws
java_class_path (initial): c:\Users\admin\.vscode\extensions\redhat.java-1.6.0-win32-x64\server\plugins\org.eclipse.equinox.launcher_1.6.400.v20210924-0641.jar
Launcher Type: SUN_STANDARD

[Global flags]
    uintx AdaptiveSizePolicyWeight                 = 90                                        {product} {command line}
     intx CICompilerCount                          = 3                                         {product} {ergonomic}
    uintx GCTimeRatio                              = 4                                         {product} {command line}
   size_t InitialHeapSize                          = 104857600                                 {product} {command line}
   size_t MaxHeapSize                              = 1073741824                                {product} {command line}
   size_t MaxNewSize                               = 357564416                                 {product} {ergonomic}
   size_t MinHeapDeltaBytes                        = 524288                                    {product} {ergonomic}
   size_t MinHeapSize                              = 104857600                                 {product} {command line}
   size_t NewSize                                  = 34603008                                  {product} {ergonomic}
    uintx NonNMethodCodeHeapSize                   = 5832780                                {pd product} {ergonomic}
    uintx NonProfiledCodeHeapSize                  = 122912730                              {pd product} {ergonomic}
   size_t OldSize                                  = 70254592                                  {product} {ergonomic}
    uintx ProfiledCodeHeapSize                     = 122912730                              {pd product} {ergonomic}
    uintx ReservedCodeCacheSize                    = 251658240                              {pd product} {ergonomic}
     bool SegmentedCodeCache                       = true                                      {product} {ergonomic}
   size_t SoftMaxHeapSize                          = 1073741824                             {manageable} {ergonomic}
     bool UseCompressedClassPointers               = true                           {product lp64_product} {ergonomic}
     bool UseCompressedOops                        = true                           {product lp64_product} {ergonomic}
     bool UseLargePagesIndividualAllocation        = false                                  {pd product} {ergonomic}
     bool UseParallelGC                            = true                                      {product} {command line}

Logging:
Log output configuration:
 #0: stdout all=warning uptime,level,tags
 #1: stderr all=off uptime,level,tags

Environment Variables:
JAVA_HOME=C:\Program Files\Java\jdk1.8.0_301
PATH=C:\Program Files (x86)\Falcon\MinGW\bin;C:\Program Files\Common Files\Oracle\Java\javapath;C:\Program Files\Docker\Docker\Resources\bin;C:\WINDOWS\system32;C:\WINDOWS;C:\WINDOWS\System32\Wbem;C:\WINDOWS\System32\WindowsPowerShell\v1.0\;C:\WINDOWS\System32\OpenSSH\;C:\Program Files\Git\cmd;C:\Program Files\nodejs\;C:\Program Files\Java\jdk1.8.0_301\bin;C:\Program Files\dotnet\;C:\Program Files\Go\bin;C:\HashiCorp\Vagrant\bin;C:\Program Files (x86)\PuTTY\;C:\Program Files\Microsoft SQL Server\150\Tools\Binn\;C:\Program Files\Microsoft SQL Server\Client SDK\ODBC\170\Tools\Binn\;C:\Program Files\MySQL\MySQL Shell 8.0\bin\;C:\Users\admin\AppData\Local\Programs\Python\Python39\Scripts\;C:\Users\admin\AppData\Local\Programs\Python\Python39\;C:\Users\admin\AppData\Local\Microsoft\WindowsApps;C:\Users\admin\AppData\Local\Programs\Microsoft VS Code\bin;C:\Users\admin\AppData\Roaming\npm;C:\Users\admin\Downloads\flutter\flutter\bin;C:\Program Files\heroku\bin;C:\Users\admin\go\bin;C:\Program Files\JetBrains\IntelliJ IDEA 2021.2\bin;;C:\Program Files\JetBrains\IntelliJ IDEA Community Edition 2021.3\bin;;C:\xamppp\php;C:\Users\admin\composer;C:\Users\admin\AppData\Roaming\Composer\vendor\bin;C:\Users\admin\.dotnet\tools;C:\Swift\bin;C:\Users\admin\Downloads\ngrok-stable-darwin-amd64;;C:\Program Files\JetBrains\PhpStorm 2021.3.3\bin;
USERNAME=admin
OS=Windows_NT
PROCESSOR_IDENTIFIER=Intel64 Family 6 Model 69 Stepping 1, GenuineIntel



---------------  S Y S T E M  ---------------

OS:
 Windows 10 , 64 bit Build 19041 (10.0.19041.1706)
OS uptime: 3 days 0:42 hours
Hyper-V role detected

CPU: total 4 (initial active 4) (2 cores per cpu, 2 threads per core) family 6 model 69 stepping 1 microcode 0x25, cx8, cmov, fxsr, ht, mmx, sse, sse2, sse3, ssse3, sse4.1, sse4.2, popcnt, lzcnt, tsc, tscinvbit, avx, avx2, aes, erms, clmul, bmi1, bmi2, fma, vzeroupper, clflush, hv

Memory: 4k page, system-wide physical 8097M (426M free)
TotalPageFile size 27159M (AvailPageFile size 4M)
current process WorkingSet (physical memory assigned to process): 135M, peak: 136M
current process commit charge ("private bytes"): 228M, peak: 229M

vm_info: OpenJDK 64-Bit Server VM (17.0.2+8) for windows-amd64 JRE (17.0.2+8), built on Jan 20 2022 04:52:34 by "" with MS VC++ 16.7 (VS2019)

END.
